.\Debug\m160.bsc
.\Debug\m160.ilk
.\Debug\m160.pdb
G:\Fujh\SDK\ZCS160\DemoCode\.\Debug\m160.exe
G:\Fujh\SDK\ZCS160\DemoCode\.\Debug\m160.exe.intermediate.manifest
G:\Fujh\SDK\ZCS160\DemoCode\Debug\BscMake.command.1.tlog
G:\Fujh\SDK\ZCS160\DemoCode\Debug\bscmake.read.1.tlog
G:\Fujh\SDK\ZCS160\DemoCode\Debug\bscmake.write.1.tlog
G:\Fujh\SDK\ZCS160\DemoCode\Debug\cl.command.1.tlog
G:\Fujh\SDK\ZCS160\DemoCode\Debug\CL.read.1.tlog
G:\Fujh\SDK\ZCS160\DemoCode\Debug\CL.write.1.tlog
G:\FUJH\SDK\ZCS160\DEMOCODE\DEBUG\DEMOFILE.OBJ
G:\FUJH\SDK\ZCS160\DEMOCODE\DEBUG\DEMOFILE.SBR
G:\FUJH\SDK\ZCS160\DEMOCODE\DEBUG\DIALOG1.OBJ
G:\FUJH\SDK\ZCS160\DEMOCODE\DEBUG\DIALOG1.SBR
G:\FUJH\SDK\ZCS160\DEMOCODE\DEBUG\DIALOG2.OBJ
G:\FUJH\SDK\ZCS160\DEMOCODE\DEBUG\DIALOG2.SBR
G:\FUJH\SDK\ZCS160\DEMOCODE\DEBUG\DIALOG3.OBJ
G:\FUJH\SDK\ZCS160\DEMOCODE\DEBUG\DIALOG3.SBR
G:\FUJH\SDK\ZCS160\DEMOCODE\DEBUG\DIALOG4.OBJ
G:\FUJH\SDK\ZCS160\DEMOCODE\DEBUG\DIALOG4.SBR
G:\FUJH\SDK\ZCS160\DEMOCODE\DEBUG\DIALOG5.OBJ
G:\FUJH\SDK\ZCS160\DEMOCODE\DEBUG\DIALOG5.SBR
G:\FUJH\SDK\ZCS160\DEMOCODE\DEBUG\DIALOG6.OBJ
G:\FUJH\SDK\ZCS160\DEMOCODE\DEBUG\DIALOG6.SBR
G:\FUJH\SDK\ZCS160\DEMOCODE\DEBUG\DIALOGDESFIRE.OBJ
G:\FUJH\SDK\ZCS160\DEMOCODE\DEBUG\DIALOGDESFIRE.SBR
G:\FUJH\SDK\ZCS160\DEMOCODE\DEBUG\DIALOGEMV.OBJ
G:\FUJH\SDK\ZCS160\DEMOCODE\DEBUG\DIALOGEMV.SBR
G:\FUJH\SDK\ZCS160\DEMOCODE\DEBUG\DIALOGEMVPARA.OBJ
G:\FUJH\SDK\ZCS160\DEMOCODE\DEBUG\DIALOGEMVPARA.SBR
G:\FUJH\SDK\ZCS160\DEMOCODE\DEBUG\DIALOGPINPAD.OBJ
G:\FUJH\SDK\ZCS160\DEMOCODE\DEBUG\DIALOGPINPAD.SBR
G:\FUJH\SDK\ZCS160\DEMOCODE\DEBUG\EDIT2_CLICK.OBJ
G:\FUJH\SDK\ZCS160\DEMOCODE\DEBUG\EDIT2_CLICK.SBR
G:\Fujh\SDK\ZCS160\DemoCode\Debug\link.10900.read.1.tlog
G:\Fujh\SDK\ZCS160\DemoCode\Debug\link.10900.write.1.tlog
G:\Fujh\SDK\ZCS160\DemoCode\Debug\link.10900-cvtres.read.1.tlog
G:\Fujh\SDK\ZCS160\DemoCode\Debug\link.10900-cvtres.write.1.tlog
G:\Fujh\SDK\ZCS160\DemoCode\Debug\link.11520.read.1.tlog
G:\Fujh\SDK\ZCS160\DemoCode\Debug\link.11520.write.1.tlog
G:\Fujh\SDK\ZCS160\DemoCode\Debug\link.11520-cvtres.read.1.tlog
G:\Fujh\SDK\ZCS160\DemoCode\Debug\link.11520-cvtres.write.1.tlog
G:\Fujh\SDK\ZCS160\DemoCode\Debug\link.12056.read.1.tlog
G:\Fujh\SDK\ZCS160\DemoCode\Debug\link.12056.write.1.tlog
G:\Fujh\SDK\ZCS160\DemoCode\Debug\link.12056-cvtres.read.1.tlog
G:\Fujh\SDK\ZCS160\DemoCode\Debug\link.12056-cvtres.write.1.tlog
G:\Fujh\SDK\ZCS160\DemoCode\Debug\link.12492.read.1.tlog
G:\Fujh\SDK\ZCS160\DemoCode\Debug\link.12492.write.1.tlog
G:\Fujh\SDK\ZCS160\DemoCode\Debug\link.12492-cvtres.read.1.tlog
G:\Fujh\SDK\ZCS160\DemoCode\Debug\link.12492-cvtres.write.1.tlog
G:\Fujh\SDK\ZCS160\DemoCode\Debug\link.12944.read.1.tlog
G:\Fujh\SDK\ZCS160\DemoCode\Debug\link.12944.write.1.tlog
G:\Fujh\SDK\ZCS160\DemoCode\Debug\link.12944-cvtres.read.1.tlog
G:\Fujh\SDK\ZCS160\DemoCode\Debug\link.12944-cvtres.write.1.tlog
G:\Fujh\SDK\ZCS160\DemoCode\Debug\link.14596.read.1.tlog
G:\Fujh\SDK\ZCS160\DemoCode\Debug\link.14596.write.1.tlog
G:\Fujh\SDK\ZCS160\DemoCode\Debug\link.14596-cvtres.read.1.tlog
G:\Fujh\SDK\ZCS160\DemoCode\Debug\link.14596-cvtres.write.1.tlog
G:\Fujh\SDK\ZCS160\DemoCode\Debug\link.15780.read.1.tlog
G:\Fujh\SDK\ZCS160\DemoCode\Debug\link.15780.write.1.tlog
G:\Fujh\SDK\ZCS160\DemoCode\Debug\link.15780-cvtres.read.1.tlog
G:\Fujh\SDK\ZCS160\DemoCode\Debug\link.15780-cvtres.write.1.tlog
G:\Fujh\SDK\ZCS160\DemoCode\Debug\link.16936.read.1.tlog
G:\Fujh\SDK\ZCS160\DemoCode\Debug\link.16936.write.1.tlog
G:\Fujh\SDK\ZCS160\DemoCode\Debug\link.16936-cvtres.read.1.tlog
G:\Fujh\SDK\ZCS160\DemoCode\Debug\link.16936-cvtres.write.1.tlog
G:\Fujh\SDK\ZCS160\DemoCode\Debug\link.18660.read.1.tlog
G:\Fujh\SDK\ZCS160\DemoCode\Debug\link.18660.write.1.tlog
G:\Fujh\SDK\ZCS160\DemoCode\Debug\link.18660-cvtres.read.1.tlog
G:\Fujh\SDK\ZCS160\DemoCode\Debug\link.18660-cvtres.write.1.tlog
G:\Fujh\SDK\ZCS160\DemoCode\Debug\link.18924.read.1.tlog
G:\Fujh\SDK\ZCS160\DemoCode\Debug\link.18924.write.1.tlog
G:\Fujh\SDK\ZCS160\DemoCode\Debug\link.18924-cvtres.read.1.tlog
G:\Fujh\SDK\ZCS160\DemoCode\Debug\link.18924-cvtres.write.1.tlog
G:\Fujh\SDK\ZCS160\DemoCode\Debug\link.4980.read.1.tlog
G:\Fujh\SDK\ZCS160\DemoCode\Debug\link.4980.write.1.tlog
G:\Fujh\SDK\ZCS160\DemoCode\Debug\link.4980-cvtres.read.1.tlog
G:\Fujh\SDK\ZCS160\DemoCode\Debug\link.4980-cvtres.write.1.tlog
G:\Fujh\SDK\ZCS160\DemoCode\Debug\link.536.read.1.tlog
G:\Fujh\SDK\ZCS160\DemoCode\Debug\link.536.write.1.tlog
G:\Fujh\SDK\ZCS160\DemoCode\Debug\link.536-cvtres.read.1.tlog
G:\Fujh\SDK\ZCS160\DemoCode\Debug\link.536-cvtres.write.1.tlog
G:\Fujh\SDK\ZCS160\DemoCode\Debug\link.command.1.tlog
G:\Fujh\SDK\ZCS160\DemoCode\Debug\link.read.1.tlog
G:\Fujh\SDK\ZCS160\DemoCode\Debug\link.write.1.tlog
G:\Fujh\SDK\ZCS160\DemoCode\Debug\link-cvtres.read.1.tlog
G:\Fujh\SDK\ZCS160\DemoCode\Debug\link-cvtres.write.1.tlog
G:\FUJH\SDK\ZCS160\DEMOCODE\DEBUG\M160.BSC
G:\FUJH\SDK\ZCS160\DEMOCODE\DEBUG\M160.EXE
G:\FUJH\SDK\ZCS160\DEMOCODE\DEBUG\M160.EXE.EMBED.MANIFEST
G:\FUJH\SDK\ZCS160\DEMOCODE\DEBUG\M160.EXE.EMBED.MANIFEST.RES
G:\FUJH\SDK\ZCS160\DEMOCODE\DEBUG\M160.EXE.INTERMEDIATE.MANIFEST
G:\FUJH\SDK\ZCS160\DEMOCODE\DEBUG\M160.ILK
G:\FUJH\SDK\ZCS160\DEMOCODE\DEBUG\M160.OBJ
G:\FUJH\SDK\ZCS160\DEMOCODE\DEBUG\M160.PCH
G:\FUJH\SDK\ZCS160\DEMOCODE\DEBUG\M160.PDB
G:\FUJH\SDK\ZCS160\DEMOCODE\DEBUG\M160.RES
G:\FUJH\SDK\ZCS160\DEMOCODE\DEBUG\M160.SBR
G:\Fujh\SDK\ZCS160\DemoCode\Debug\m160.vcxprojResolveAssemblyReference.cache
G:\Fujh\SDK\ZCS160\DemoCode\Debug\m160.write.1.tlog
G:\Fujh\SDK\ZCS160\DemoCode\Debug\m160_manifest.rc
G:\FUJH\SDK\ZCS160\DEMOCODE\DEBUG\M160DLG.OBJ
G:\FUJH\SDK\ZCS160\DEMOCODE\DEBUG\M160DLG.SBR
G:\Fujh\SDK\ZCS160\DemoCode\Debug\mt.command.1.tlog
G:\Fujh\SDK\ZCS160\DemoCode\Debug\mt.read.1.tlog
G:\Fujh\SDK\ZCS160\DemoCode\Debug\mt.write.1.tlog
G:\Fujh\SDK\ZCS160\DemoCode\Debug\rc.command.1.tlog
G:\Fujh\SDK\ZCS160\DemoCode\Debug\rc.read.1.tlog
G:\Fujh\SDK\ZCS160\DemoCode\Debug\rc.write.1.tlog
G:\FUJH\SDK\ZCS160\DEMOCODE\DEBUG\READINFO.OBJ
G:\FUJH\SDK\ZCS160\DEMOCODE\DEBUG\READINFO.SBR
G:\FUJH\SDK\ZCS160\DEMOCODE\DEBUG\STDAFX.OBJ
G:\FUJH\SDK\ZCS160\DEMOCODE\DEBUG\STDAFX.SBR
G:\Fujh\SDK\ZCS160\DemoCode\Debug\vc100.idb
G:\FUJH\SDK\ZCS160\DEMOCODE\DEBUG\VC100.PDB
